<?xml version="1.0" encoding="UTF-8"?>
<!-- Generated by org.testng.reporters.JUnitReportReporter -->
<testsuite hostname="hp" failures="0" tests="1" name="com.testscripts.TestCase" time="20.983" errors="0" timestamp="2021-01-17T15:04:03 IST" skipped="0">
  <testcase classname="com.testscripts.TestCase" name="test1" time="20.983"/>
  <system-out/>
</testsuite> <!-- com.testscripts.TestCase -->
